2025-04-20 18:14:47,486 INFO: Production logging configured [in /Users/hassan/Autograph/WebApp/app.py:31]
2025-04-20 18:14:47,487 INFO: Rate limiter initialized [in /Users/hassan/Autograph/WebApp/app.py:51]
2025-04-20 18:14:47,487 INFO: Security features configured [in /Users/hassan/Autograph/WebApp/app.py:55]
2025-04-20 18:14:47,530 INFO: Database tables created successfully [in /Users/hassan/Autograph/WebApp/app.py:117]
2025-04-20 18:14:48,015 INFO: Production logging configured [in /Users/hassan/Autograph/WebApp/app.py:31]
2025-04-20 18:14:48,017 INFO: Rate limiter initialized [in /Users/hassan/Autograph/WebApp/app.py:51]
2025-04-20 18:14:48,017 INFO: Security features configured [in /Users/hassan/Autograph/WebApp/app.py:55]
2025-04-20 18:14:48,038 INFO: Database tables created successfully [in /Users/hassan/Autograph/WebApp/app.py:117]
2025-04-20 18:17:43,992 INFO: Production logging configured [in /Users/hassan/Autograph/WebApp/app.py:31]
2025-04-20 18:17:43,993 INFO: Rate limiter initialized [in /Users/hassan/Autograph/WebApp/app.py:51]
2025-04-20 18:17:43,993 INFO: Security features configured [in /Users/hassan/Autograph/WebApp/app.py:55]
2025-04-20 18:17:44,023 INFO: Database tables created successfully [in /Users/hassan/Autograph/WebApp/app.py:117]
2025-04-20 18:17:47,580 INFO: Production logging configured [in /Users/hassan/Autograph/WebApp/app.py:31]
2025-04-20 18:17:47,581 INFO: Rate limiter initialized [in /Users/hassan/Autograph/WebApp/app.py:51]
2025-04-20 18:17:47,581 INFO: Security features configured [in /Users/hassan/Autograph/WebApp/app.py:55]
2025-04-20 18:17:47,601 INFO: Database tables created successfully [in /Users/hassan/Autograph/WebApp/app.py:117]
2025-04-20 18:17:47,935 INFO: Production logging configured [in /Users/hassan/Autograph/WebApp/app.py:31]
2025-04-20 18:17:47,936 INFO: Rate limiter initialized [in /Users/hassan/Autograph/WebApp/app.py:51]
2025-04-20 18:17:47,936 INFO: Security features configured [in /Users/hassan/Autograph/WebApp/app.py:55]
2025-04-20 18:17:47,959 INFO: Database tables created successfully [in /Users/hassan/Autograph/WebApp/app.py:117]
2025-04-20 18:19:09,490 INFO: Production logging configured [in /Users/hassan/Autograph/WebApp/app.py:31]
2025-04-20 18:19:09,492 INFO: Rate limiter initialized [in /Users/hassan/Autograph/WebApp/app.py:51]
2025-04-20 18:19:09,492 INFO: Security features configured [in /Users/hassan/Autograph/WebApp/app.py:55]
2025-04-20 18:19:09,513 INFO: Database tables created successfully [in /Users/hassan/Autograph/WebApp/app.py:117]
2025-04-20 18:19:27,662 INFO: Production logging configured [in /Users/hassan/Autograph/WebApp/app.py:31]
2025-04-20 18:19:27,662 INFO: Rate limiter initialized [in /Users/hassan/Autograph/WebApp/app.py:51]
2025-04-20 18:19:27,663 INFO: Security features configured [in /Users/hassan/Autograph/WebApp/app.py:55]
2025-04-20 18:19:27,681 INFO: Database tables created successfully [in /Users/hassan/Autograph/WebApp/app.py:117]
2025-04-20 18:19:44,988 INFO: Production logging configured [in /Users/hassan/Autograph/WebApp/app.py:31]
2025-04-20 18:19:44,990 INFO: Rate limiter initialized [in /Users/hassan/Autograph/WebApp/app.py:51]
2025-04-20 18:19:44,990 INFO: Security features configured [in /Users/hassan/Autograph/WebApp/app.py:55]
2025-04-20 18:19:45,035 INFO: Database tables created successfully [in /Users/hassan/Autograph/WebApp/app.py:117]
2025-04-20 18:19:52,628 INFO: Production logging configured [in /Users/hassan/Autograph/WebApp/app.py:31]
2025-04-20 18:19:52,629 INFO: Rate limiter initialized [in /Users/hassan/Autograph/WebApp/app.py:51]
2025-04-20 18:19:52,629 INFO: Security features configured [in /Users/hassan/Autograph/WebApp/app.py:55]
2025-04-20 18:19:52,651 INFO: Database tables created successfully [in /Users/hassan/Autograph/WebApp/app.py:117]
2025-04-20 18:19:53,010 INFO: Production logging configured [in /Users/hassan/Autograph/WebApp/app.py:31]
2025-04-20 18:19:53,012 INFO: Rate limiter initialized [in /Users/hassan/Autograph/WebApp/app.py:51]
2025-04-20 18:19:53,012 INFO: Security features configured [in /Users/hassan/Autograph/WebApp/app.py:55]
2025-04-20 18:19:53,031 INFO: Database tables created successfully [in /Users/hassan/Autograph/WebApp/app.py:117]
2025-04-20 18:21:24,111 INFO: Production logging configured [in /Users/hassan/Autograph/WebApp/app.py:31]
2025-04-20 18:21:24,112 INFO: Rate limiter initialized [in /Users/hassan/Autograph/WebApp/app.py:51]
2025-04-20 18:21:24,112 INFO: Security features configured [in /Users/hassan/Autograph/WebApp/app.py:55]
2025-04-20 18:21:24,137 INFO: Database tables created successfully [in /Users/hassan/Autograph/WebApp/app.py:117]
2025-04-20 18:22:02,842 INFO: Production logging configured [in /Users/hassan/Autograph/WebApp/app.py:31]
2025-04-20 18:22:02,843 INFO: Rate limiter initialized [in /Users/hassan/Autograph/WebApp/app.py:51]
2025-04-20 18:22:02,843 INFO: Security features configured [in /Users/hassan/Autograph/WebApp/app.py:55]
2025-04-20 18:22:02,868 INFO: Database tables created successfully [in /Users/hassan/Autograph/WebApp/app.py:117]
2025-04-20 18:22:38,659 INFO: Production logging configured [in /Users/hassan/Autograph/WebApp/app.py:31]
2025-04-20 18:22:38,661 INFO: Rate limiter initialized [in /Users/hassan/Autograph/WebApp/app.py:51]
2025-04-20 18:22:38,661 INFO: Security features configured [in /Users/hassan/Autograph/WebApp/app.py:55]
2025-04-20 18:22:38,680 INFO: Database tables created successfully [in /Users/hassan/Autograph/WebApp/app.py:117]
2025-04-20 18:22:39,142 INFO: Production logging configured [in /Users/hassan/Autograph/WebApp/app.py:31]
2025-04-20 18:22:39,143 INFO: Rate limiter initialized [in /Users/hassan/Autograph/WebApp/app.py:51]
2025-04-20 18:22:39,143 INFO: Security features configured [in /Users/hassan/Autograph/WebApp/app.py:55]
2025-04-20 18:22:39,164 INFO: Database tables created successfully [in /Users/hassan/Autograph/WebApp/app.py:117]
2025-04-20 18:24:32,596 INFO: Production logging configured [in /Users/hassan/Autograph/WebApp/app.py:31]
2025-04-20 18:24:32,597 INFO: Rate limiter initialized [in /Users/hassan/Autograph/WebApp/app.py:51]
2025-04-20 18:24:32,597 INFO: Security features configured [in /Users/hassan/Autograph/WebApp/app.py:55]
2025-04-20 18:24:32,632 INFO: Database tables created successfully [in /Users/hassan/Autograph/WebApp/app.py:117]
2025-04-20 18:24:40,389 INFO: Production logging configured [in /Users/hassan/Autograph/WebApp/app.py:31]
2025-04-20 18:24:40,391 INFO: Rate limiter initialized [in /Users/hassan/Autograph/WebApp/app.py:51]
2025-04-20 18:24:40,391 INFO: Security features configured [in /Users/hassan/Autograph/WebApp/app.py:55]
2025-04-20 18:24:40,413 INFO: Database tables created successfully [in /Users/hassan/Autograph/WebApp/app.py:117]
2025-04-20 18:24:45,949 INFO: Production logging configured [in /Users/hassan/Autograph/WebApp/app.py:31]
2025-04-20 18:24:45,950 INFO: Rate limiter initialized [in /Users/hassan/Autograph/WebApp/app.py:51]
2025-04-20 18:24:45,950 INFO: Security features configured [in /Users/hassan/Autograph/WebApp/app.py:55]
2025-04-20 18:24:45,972 INFO: Database tables created successfully [in /Users/hassan/Autograph/WebApp/app.py:117]
2025-04-20 18:24:46,275 INFO: Production logging configured [in /Users/hassan/Autograph/WebApp/app.py:31]
2025-04-20 18:24:46,276 INFO: Rate limiter initialized [in /Users/hassan/Autograph/WebApp/app.py:51]
2025-04-20 18:24:46,276 INFO: Security features configured [in /Users/hassan/Autograph/WebApp/app.py:55]
2025-04-20 18:24:46,296 INFO: Database tables created successfully [in /Users/hassan/Autograph/WebApp/app.py:117]
2025-04-20 18:24:56,193 INFO: Production logging configured [in /Users/hassan/Autograph/WebApp/app.py:31]
2025-04-20 18:24:56,194 INFO: Rate limiter initialized [in /Users/hassan/Autograph/WebApp/app.py:51]
2025-04-20 18:24:56,194 INFO: Security features configured [in /Users/hassan/Autograph/WebApp/app.py:55]
2025-04-20 18:24:56,216 INFO: Database tables created successfully [in /Users/hassan/Autograph/WebApp/app.py:117]
2025-04-20 18:27:14,302 INFO: Production logging configured [in /Users/hassan/Autograph/WebApp/app.py:33]
2025-04-20 18:27:14,303 INFO: Rate limiter initialized [in /Users/hassan/Autograph/WebApp/app.py:53]
2025-04-20 18:27:14,303 INFO: Security features configured [in /Users/hassan/Autograph/WebApp/app.py:57]
2025-04-20 18:27:14,331 INFO: Database tables created successfully [in /Users/hassan/Autograph/WebApp/app.py:141]
2025-04-20 18:27:17,176 INFO: Production logging configured [in /Users/hassan/Autograph/WebApp/app.py:33]
2025-04-20 18:27:17,177 INFO: Rate limiter initialized [in /Users/hassan/Autograph/WebApp/app.py:53]
2025-04-20 18:27:17,177 INFO: Security features configured [in /Users/hassan/Autograph/WebApp/app.py:57]
2025-04-20 18:27:17,196 INFO: Database tables created successfully [in /Users/hassan/Autograph/WebApp/app.py:141]
2025-04-20 18:27:17,548 INFO: Production logging configured [in /Users/hassan/Autograph/WebApp/app.py:33]
2025-04-20 18:27:17,549 INFO: Rate limiter initialized [in /Users/hassan/Autograph/WebApp/app.py:53]
2025-04-20 18:27:17,549 INFO: Security features configured [in /Users/hassan/Autograph/WebApp/app.py:57]
2025-04-20 18:27:17,569 INFO: Database tables created successfully [in /Users/hassan/Autograph/WebApp/app.py:141]
{"asctime": "2025-04-24 18:18:54,244", "levelname": "ERROR", "name": "WebApp.app", "message": "Unhandled exception: (psycopg2.errors.InsufficientPrivilege) permission denied for table invite_codes\n\n[SQL: SELECT invite_codes.id AS invite_codes_id, invite_codes.code AS invite_codes_code, invite_codes.instagram_handle AS invite_codes_instagram_handle, invite_codes.is_used AS invite_codes_is_used, invite_codes.created_at AS invite_codes_created_at, invite_codes.used_at AS invite_codes_used_at \nFROM invite_codes \nWHERE invite_codes.instagram_handle = %(instagram_handle_1)s AND invite_codes.code = %(code_1)s \n LIMIT %(param_1)s]\n[parameters: {'instagram_handle_1': 'admin', 'code_1': 'pass', 'param_1': 1}]\n(Background on this error at: https://sqlalche.me/e/20/f405)\nPath: /login\nMethod: POST\nIP: 127.0.0.1\nUser Agent: Mozilla/5.0 (Macintosh; Intel Mac OS X 10_15_7) AppleWebKit/605.1.15 (KHTML, like Gecko) Version/18.1 Safari/605.1.15\nUser: Anonymous", "exc_info": "Traceback (most recent call last):\n  File \"/Users/hassan/Autograph/venv/lib/python3.11/site-packages/sqlalchemy/engine/base.py\", line 1964, in _exec_single_context\n    self.dialect.do_execute(\n  File \"/Users/hassan/Autograph/venv/lib/python3.11/site-packages/sqlalchemy/engine/default.py\", line 945, in do_execute\n    cursor.execute(statement, parameters)\npsycopg2.errors.InsufficientPrivilege: permission denied for table invite_codes\n\n\nThe above exception was the direct cause of the following exception:\n\nTraceback (most recent call last):\n  File \"/Users/hassan/Autograph/venv/lib/python3.11/site-packages/flask/app.py\", line 917, in full_dispatch_request\n    rv = self.dispatch_request()\n         ^^^^^^^^^^^^^^^^^^^^^^^\n  File \"/Users/hassan/Autograph/venv/lib/python3.11/site-packages/flask/app.py\", line 902, in dispatch_request\n    return self.ensure_sync(self.view_functions[rule.endpoint])(**view_args)  # type: ignore[no-any-return]\n           ^^^^^^^^^^^^^^^^^^^^^^^^^^^^^^^^^^^^^^^^^^^^^^^^^^^^^^^^^^^^^^^^^\n  File \"/Users/hassan/Autograph/venv/lib/python3.11/site-packages/flask_limiter/extension.py\", line 1298, in __inner\n    return cast(R, flask.current_app.ensure_sync(obj)(*a, **k))\n                   ^^^^^^^^^^^^^^^^^^^^^^^^^^^^^^^^^^^^^^^^^^^\n  File \"/Users/hassan/Autograph/WebApp/routes.py\", line 128, in login\n    user = InviteCode.authenticate(instagram_handle, code)\n           ^^^^^^^^^^^^^^^^^^^^^^^^^^^^^^^^^^^^^^^^^^^^^^^\n  File \"/Users/hassan/Autograph/WebApp/models.py\", line 60, in authenticate\n    ).first()\n      ^^^^^^^\n  File \"/Users/hassan/Autograph/venv/lib/python3.11/site-packages/sqlalchemy/orm/query.py\", line 2759, in first\n    return self.limit(1)._iter().first()  # type: ignore\n           ^^^^^^^^^^^^^^^^^^^^^\n  File \"/Users/hassan/Autograph/venv/lib/python3.11/site-packages/sqlalchemy/orm/query.py\", line 2858, in _iter\n    result: Union[ScalarResult[_T], Result[_T]] = self.session.execute(\n                                                  ^^^^^^^^^^^^^^^^^^^^^\n  File \"/Users/hassan/Autograph/venv/lib/python3.11/site-packages/sqlalchemy/orm/session.py\", line 2365, in execute\n    return self._execute_internal(\n           ^^^^^^^^^^^^^^^^^^^^^^^\n  File \"/Users/hassan/Autograph/venv/lib/python3.11/site-packages/sqlalchemy/orm/session.py\", line 2251, in _execute_internal\n    result: Result[Any] = compile_state_cls.orm_execute_statement(\n                          ^^^^^^^^^^^^^^^^^^^^^^^^^^^^^^^^^^^^^^^^\n  File \"/Users/hassan/Autograph/venv/lib/python3.11/site-packages/sqlalchemy/orm/context.py\", line 306, in orm_execute_statement\n    result = conn.execute(\n             ^^^^^^^^^^^^^\n  File \"/Users/hassan/Autograph/venv/lib/python3.11/site-packages/sqlalchemy/engine/base.py\", line 1416, in execute\n    return meth(\n           ^^^^^\n  File \"/Users/hassan/Autograph/venv/lib/python3.11/site-packages/sqlalchemy/sql/elements.py\", line 523, in _execute_on_connection\n    return connection._execute_clauseelement(\n           ^^^^^^^^^^^^^^^^^^^^^^^^^^^^^^^^^^\n  File \"/Users/hassan/Autograph/venv/lib/python3.11/site-packages/sqlalchemy/engine/base.py\", line 1638, in _execute_clauseelement\n    ret = self._execute_context(\n          ^^^^^^^^^^^^^^^^^^^^^^\n  File \"/Users/hassan/Autograph/venv/lib/python3.11/site-packages/sqlalchemy/engine/base.py\", line 1843, in _execute_context\n    return self._exec_single_context(\n           ^^^^^^^^^^^^^^^^^^^^^^^^^^\n  File \"/Users/hassan/Autograph/venv/lib/python3.11/site-packages/sqlalchemy/engine/base.py\", line 1983, in _exec_single_context\n    self._handle_dbapi_exception(\n  File \"/Users/hassan/Autograph/venv/lib/python3.11/site-packages/sqlalchemy/engine/base.py\", line 2352, in _handle_dbapi_exception\n    raise sqlalchemy_exception.with_traceback(exc_info[2]) from e\n  File \"/Users/hassan/Autograph/venv/lib/python3.11/site-packages/sqlalchemy/engine/base.py\", line 1964, in _exec_single_context\n    self.dialect.do_execute(\n  File \"/Users/hassan/Autograph/venv/lib/python3.11/site-packages/sqlalchemy/engine/default.py\", line 945, in do_execute\n    cursor.execute(statement, parameters)\nsqlalchemy.exc.ProgrammingError: (psycopg2.errors.InsufficientPrivilege) permission denied for table invite_codes\n\n[SQL: SELECT invite_codes.id AS invite_codes_id, invite_codes.code AS invite_codes_code, invite_codes.instagram_handle AS invite_codes_instagram_handle, invite_codes.is_used AS invite_codes_is_used, invite_codes.created_at AS invite_codes_created_at, invite_codes.used_at AS invite_codes_used_at \nFROM invite_codes \nWHERE invite_codes.instagram_handle = %(instagram_handle_1)s AND invite_codes.code = %(code_1)s \n LIMIT %(param_1)s]\n[parameters: {'instagram_handle_1': 'admin', 'code_1': 'pass', 'param_1': 1}]\n(Background on this error at: https://sqlalche.me/e/20/f405)"}
